make: 'serial' is up to date.
make: 'parallel' is up to date.
make: 'serial_queue' is up to date.
compiling the code...






running Speedup with Exponential Load...
for W=1000:
parallel_times:  [91.51441691666668, 127.30400025, 146.77691591666667, 172.97133258333335, 188.21249883333329, 28425.96582016667]
serial_times:  [81.3650005, 156.41275275, 308.1827495833333, 610.4809060833334, 989.0455831666667, 2048.8379312499997]
ratio:  [1.1247393394493579, 0.8138978312943219, 0.476265839392733, 0.2833361876836849, 0.19029709250682442, 13.874189552330252]
for W=2000:
parallel_times:  [166.77966808333335, 231.5111643333333, 264.81075158333334, 310.02474724999996, 341.93558241666665, 28389.57356775]
serial_times:  [154.62308491666667, 301.46349599999996, 597.24116, 1187.5542398333334, 1928.91324875, 4014.334553916667]
ratio:  [1.078620751702234, 0.7679575384919352, 0.4433899893693417, 0.26106154721279107, 0.17726851253588116, 7.072049722425636]
for W=4000:
parallel_times:  [316.4455794166667, 442.9542540833333, 508.49466691666674, 602.1094970833334, 636.0310769166666, 28885.071126250008]
serial_times:  [300.14499916666665, 599.2924143333333, 1179.7170919166667, 2348.8916015, 3812.482971166666, 7932.616902583333]
ratio:  [1.0543090182920174, 0.7391287516563776, 0.43103102464212323, 0.25633771124168814, 0.16682856860657225, 3.6413041851098726]
for W=8000:
parallel_times:  [613.357488, 828.8163350833333, 998.1050007499999, 1175.7954965833333, 1242.9494119999997, 28778.791503999993]
serial_times:  [592.89291375, 1178.5963441666665, 2340.2563475833335, 4669.61047375, 7579.449299916666, 15817.213704499998]
ratio:  [1.0345164763743981, 0.7032232360005772, 0.4264938761006645, 0.2517973400978547, 0.16398940910042972, 1.8194602438615612]
testing correctness...
results seem good!
done with test_module script!
