make: 'serial' is up to date.
make: 'parallel' is up to date.
make: 'serial_queue' is up to date.
compiling the code...






running Speedup with Uniform Load...
for W=1000:
parallel_times:  [91.3738008, 99.8856004, 104.49199979999999, 112.56600040000001, 164.9252016, 27489.209374799997]
serial_times:  [81.93300180000001, 154.7006012, 305.1148012, 606.6099975999999, 979.1941892000001, 2027.4537842000002]
ratio:  [1.1152258405354798, 0.6456704086809975, 0.34246781666782017, 0.18556568610039015, 0.16842951420569968, 13.558488774947236]
for W=2000:
parallel_times:  [165.1951996, 188.7769988, 194.2406036, 186.9415984, 200.12180180000001, 29054.892968599997]
serial_times:  [153.1802002, 298.6261964, 595.1313964, 1179.7823976, 1917.3978026, 3977.7762208]
ratio:  [1.0784370263540104, 0.6321515027005179, 0.32638271947166253, 0.15845430375999026, 0.10437156104415785, 7.304305560647289]
for W=4000:
parallel_times:  [316.8537962, 340.53880019999997, 350.662195, 368.46040039999997, 359.2606018, 28610.1601562]
serial_times:  [299.63660259999995, 590.292395, 1173.7976072000001, 2347.7793944000005, 3799.6870116, 7892.2996094]
ratio:  [1.057460248349512, 0.5768985050197029, 0.2987416168247919, 0.15693995836187322, 0.09455005128138698, 3.625072738257974]
for W=8000:
parallel_times:  [614.3838014, 636.8571896000001, 688.3458008, 690.5337890000001, 683.0329956, 28492.7875]
serial_times:  [591.6244018, 1170.4409668, 2336.3192381999997, 4673.605664199999, 7563.9388672000005, 15714.046289199998]
ratio:  [1.0384693388757382, 0.5441173093429696, 0.2946283151485458, 0.14775182987506105, 0.09030123161913436, 1.8132050126123542]
testing correctness...
results seem good!
done with test_module script!
