gcc -O3 -Wall -Werror -I src/include -pthread  -o serial src/utils/* src/serial/* src/output/* -lm
gcc -O3 -Wall -Werror -I src/include -pthread  -o parallel src/utils/* src/parallel/* src/output/* src/queue/* -lm
gcc -O3 -Wall -Werror -I src/include -pthread  -o serial_queue src/utils/* src/serial_queue/* src/output/* src/queue/* -lm
compiling the code...






running Speedup with Constant Load...
for W=1000:
parallel_times:  [95.793999, 100.692001, 111.211998, 128.057007, 151.363007, 28898.992188]
serial_times:  [81.184998, 154.867996, 302.123993, 606.432007, 972.179993, 2001.781006]
ratio:  [1.1799470513012762, 0.6501795309600313, 0.36810051692915363, 0.211164657408988, 0.15569442705040323, 14.43664022257188]
for W=2000:
parallel_times:  [167.942993, 185.923004, 190.673996, 192.291, 185.919998, 29120.296875]
serial_times:  [155.707993, 298.665009, 588.857971, 1183.473999, 1907.182007, 3965.641113]
ratio:  [1.0785765699259897, 0.622513513124666, 0.32380303127458215, 0.16248012221855326, 0.09748414011751946, 7.3431498325804245]
for W=4000:
parallel_times:  [320.614014, 347.354004, 347.335999, 345.145996, 359.778015, 28713.279297]
serial_times:  [300.384003, 587.517029, 1173.602051, 2366.907959, 3789.678955, 7874.477051]
ratio:  [1.0673471649553854, 0.5912237209383083, 0.29595721880687137, 0.14582146918202155, 0.09493627805208106, 3.6463728462264844]
for W=8000:
parallel_times:  [617.695984, 645.044006, 665.119019, 678.940979, 675.463989, 29826.351562]
serial_times:  [588.143982, 1172.369995, 2336.667969, 4679.221191, 7573.776855, 15729.257812]
ratio:  [1.0502462031482622, 0.5502051474799131, 0.2846442146783243, 0.14509700466946787, 0.0891845643107477, 1.8962338794679297]
testing correctness...
results seem good!
done with test_module script!
